1719753617.794484 client started (87243): version 3.2a, socket /tmp/tmux-1000/default, protocol 8
1719753617.794539 on Linux 6.5.0-41-generic #41~22.04.2-Ubuntu SMP PREEMPT_DYNAMIC Mon Jun  3 11:32:55 UTC 2
1719753617.794555 using libevent 2.1.12-stable (poll); ncurses 6.3
1719753617.794596 flags are 0x10010000
1719753617.794604 socket is /tmp/tmux-1000/default
1719753617.794627 trying connect
1719753617.794770 add peer 0x5db9b5d3df90: 6 ((nil))
1719753617.795414 sending message 100 to peer 0x5db9b5d3df90 (4 bytes)
1719753617.795432 sending message 111 to peer 0x5db9b5d3df90 (8 bytes)
1719753617.795442 sending message 101 to peer 0x5db9b5d3df90 (14 bytes)
1719753617.795450 sending message 109 to peer 0x5db9b5d3df90 (4 bytes)
1719753617.795459 sending message 102 to peer 0x5db9b5d3df90 (11 bytes)
1719753617.795468 sending message 108 to peer 0x5db9b5d3df90 (25 bytes)
1719753617.795477 sending message 112 to peer 0x5db9b5d3df90 (70 bytes)
1719753617.795486 sending message 112 to peer 0x5db9b5d3df90 (5 bytes)
1719753617.795495 sending message 112 to peer 0x5db9b5d3df90 (5 bytes)
1719753617.795503 sending message 112 to peer 0x5db9b5d3df90 (6 bytes)
1719753617.795512 sending message 112 to peer 0x5db9b5d3df90 (6 bytes)
1719753617.795520 sending message 112 to peer 0x5db9b5d3df90 (11 bytes)
1719753617.795529 sending message 112 to peer 0x5db9b5d3df90 (10 bytes)
1719753617.795537 sending message 112 to peer 0x5db9b5d3df90 (13 bytes)
1719753617.795546 sending message 112 to peer 0x5db9b5d3df90 (13 bytes)
1719753617.795555 sending message 112 to peer 0x5db9b5d3df90 (18 bytes)
1719753617.795563 sending message 112 to peer 0x5db9b5d3df90 (11 bytes)
1719753617.795572 sending message 112 to peer 0x5db9b5d3df90 (10 bytes)
1719753617.795580 sending message 112 to peer 0x5db9b5d3df90 (15 bytes)
1719753617.795588 sending message 112 to peer 0x5db9b5d3df90 (21 bytes)
1719753617.795597 sending message 112 to peer 0x5db9b5d3df90 (13 bytes)
1719753617.795605 sending message 112 to peer 0x5db9b5d3df90 (7 bytes)
1719753617.795614 sending message 112 to peer 0x5db9b5d3df90 (13 bytes)
1719753617.795622 sending message 112 to peer 0x5db9b5d3df90 (7 bytes)
1719753617.795630 sending message 112 to peer 0x5db9b5d3df90 (13 bytes)
1719753617.795638 sending message 112 to peer 0x5db9b5d3df90 (9 bytes)
1719753617.795647 sending message 112 to peer 0x5db9b5d3df90 (21 bytes)
1719753617.795655 sending message 112 to peer 0x5db9b5d3df90 (13 bytes)
1719753617.795664 sending message 112 to peer 0x5db9b5d3df90 (8 bytes)
1719753617.795672 sending message 112 to peer 0x5db9b5d3df90 (12 bytes)
1719753617.795680 sending message 112 to peer 0x5db9b5d3df90 (13 bytes)
1719753617.795688 sending message 112 to peer 0x5db9b5d3df90 (9 bytes)
1719753617.795697 sending message 112 to peer 0x5db9b5d3df90 (9 bytes)
1719753617.795705 sending message 112 to peer 0x5db9b5d3df90 (12 bytes)
1719753617.795713 sending message 112 to peer 0x5db9b5d3df90 (8 bytes)
1719753617.795721 sending message 112 to peer 0x5db9b5d3df90 (8 bytes)
1719753617.795730 sending message 112 to peer 0x5db9b5d3df90 (7 bytes)
1719753617.795738 sending message 112 to peer 0x5db9b5d3df90 (7 bytes)
1719753617.795746 sending message 112 to peer 0x5db9b5d3df90 (9 bytes)
1719753617.795755 sending message 112 to peer 0x5db9b5d3df90 (13 bytes)
1719753617.795763 sending message 112 to peer 0x5db9b5d3df90 (6 bytes)
1719753617.795771 sending message 112 to peer 0x5db9b5d3df90 (9 bytes)
1719753617.795779 sending message 112 to peer 0x5db9b5d3df90 (15 bytes)
1719753617.795788 sending message 112 to peer 0x5db9b5d3df90 (13 bytes)
1719753617.795796 sending message 112 to peer 0x5db9b5d3df90 (12 bytes)
1719753617.795804 sending message 112 to peer 0x5db9b5d3df90 (8 bytes)
1719753617.795813 sending message 112 to peer 0x5db9b5d3df90 (14 bytes)
1719753617.795821 sending message 112 to peer 0x5db9b5d3df90 (11 bytes)
1719753617.795829 sending message 112 to peer 0x5db9b5d3df90 (9 bytes)
1719753617.795838 sending message 112 to peer 0x5db9b5d3df90 (10 bytes)
1719753617.795846 sending message 112 to peer 0x5db9b5d3df90 (10 bytes)
1719753617.795870 sending message 112 to peer 0x5db9b5d3df90 (10 bytes)
1719753617.795879 sending message 112 to peer 0x5db9b5d3df90 (10 bytes)
1719753617.795887 sending message 112 to peer 0x5db9b5d3df90 (11 bytes)
1719753617.795896 sending message 112 to peer 0x5db9b5d3df90 (12 bytes)
1719753617.795904 sending message 112 to peer 0x5db9b5d3df90 (12 bytes)
1719753617.795912 sending message 112 to peer 0x5db9b5d3df90 (12 bytes)
1719753617.795920 sending message 112 to peer 0x5db9b5d3df90 (12 bytes)
1719753617.795929 sending message 112 to peer 0x5db9b5d3df90 (12 bytes)
1719753617.795937 sending message 112 to peer 0x5db9b5d3df90 (11 bytes)
1719753617.795945 sending message 112 to peer 0x5db9b5d3df90 (11 bytes)
1719753617.795954 sending message 112 to peer 0x5db9b5d3df90 (12 bytes)
1719753617.795962 sending message 112 to peer 0x5db9b5d3df90 (12 bytes)
1719753617.795970 sending message 112 to peer 0x5db9b5d3df90 (12 bytes)
1719753617.795978 sending message 112 to peer 0x5db9b5d3df90 (12 bytes)
1719753617.795987 sending message 112 to peer 0x5db9b5d3df90 (12 bytes)
1719753617.795995 sending message 112 to peer 0x5db9b5d3df90 (10 bytes)
1719753617.796003 sending message 112 to peer 0x5db9b5d3df90 (12 bytes)
1719753617.796011 sending message 112 to peer 0x5db9b5d3df90 (13 bytes)
1719753617.796019 sending message 112 to peer 0x5db9b5d3df90 (13 bytes)
1719753617.796028 sending message 112 to peer 0x5db9b5d3df90 (13 bytes)
1719753617.796037 sending message 112 to peer 0x5db9b5d3df90 (13 bytes)
1719753617.796045 sending message 112 to peer 0x5db9b5d3df90 (13 bytes)
1719753617.796054 sending message 112 to peer 0x5db9b5d3df90 (8 bytes)
1719753617.796062 sending message 112 to peer 0x5db9b5d3df90 (11 bytes)
1719753617.796070 sending message 112 to peer 0x5db9b5d3df90 (11 bytes)
1719753617.796078 sending message 112 to peer 0x5db9b5d3df90 (11 bytes)
1719753617.796087 sending message 112 to peer 0x5db9b5d3df90 (12 bytes)
1719753617.796095 sending message 112 to peer 0x5db9b5d3df90 (12 bytes)
1719753617.796103 sending message 112 to peer 0x5db9b5d3df90 (12 bytes)
1719753617.796111 sending message 112 to peer 0x5db9b5d3df90 (12 bytes)
1719753617.796119 sending message 112 to peer 0x5db9b5d3df90 (13 bytes)
1719753617.796127 sending message 112 to peer 0x5db9b5d3df90 (13 bytes)
1719753617.796136 sending message 112 to peer 0x5db9b5d3df90 (13 bytes)
1719753617.796144 sending message 112 to peer 0x5db9b5d3df90 (8 bytes)
1719753617.796152 sending message 112 to peer 0x5db9b5d3df90 (13 bytes)
1719753617.796160 sending message 112 to peer 0x5db9b5d3df90 (13 bytes)
1719753617.796169 sending message 112 to peer 0x5db9b5d3df90 (13 bytes)
1719753617.796177 sending message 112 to peer 0x5db9b5d3df90 (13 bytes)
1719753617.796185 sending message 112 to peer 0x5db9b5d3df90 (13 bytes)
1719753617.796193 sending message 112 to peer 0x5db9b5d3df90 (12 bytes)
1719753617.796202 sending message 112 to peer 0x5db9b5d3df90 (12 bytes)
1719753617.796210 sending message 112 to peer 0x5db9b5d3df90 (12 bytes)
1719753617.796218 sending message 112 to peer 0x5db9b5d3df90 (12 bytes)
1719753617.796226 sending message 112 to peer 0x5db9b5d3df90 (13 bytes)
1719753617.796235 sending message 112 to peer 0x5db9b5d3df90 (8 bytes)
1719753617.796243 sending message 112 to peer 0x5db9b5d3df90 (13 bytes)
1719753617.796251 sending message 112 to peer 0x5db9b5d3df90 (13 bytes)
1719753617.796259 sending message 112 to peer 0x5db9b5d3df90 (13 bytes)
1719753617.796268 sending message 112 to peer 0x5db9b5d3df90 (13 bytes)
1719753617.796276 sending message 112 to peer 0x5db9b5d3df90 (13 bytes)
1719753617.796284 sending message 112 to peer 0x5db9b5d3df90 (13 bytes)
1719753617.796292 sending message 112 to peer 0x5db9b5d3df90 (13 bytes)
1719753617.796300 sending message 112 to peer 0x5db9b5d3df90 (12 bytes)
1719753617.796309 sending message 112 to peer 0x5db9b5d3df90 (12 bytes)
1719753617.796317 sending message 112 to peer 0x5db9b5d3df90 (12 bytes)
1719753617.796325 sending message 112 to peer 0x5db9b5d3df90 (8 bytes)
1719753617.796333 sending message 112 to peer 0x5db9b5d3df90 (12 bytes)
1719753617.796351 sending message 112 to peer 0x5db9b5d3df90 (13 bytes)
1719753617.796359 sending message 112 to peer 0x5db9b5d3df90 (13 bytes)
1719753617.796368 sending message 112 to peer 0x5db9b5d3df90 (13 bytes)
1719753617.796376 sending message 112 to peer 0x5db9b5d3df90 (13 bytes)
1719753617.796384 sending message 112 to peer 0x5db9b5d3df90 (13 bytes)
1719753617.796393 sending message 112 to peer 0x5db9b5d3df90 (13 bytes)
1719753617.796401 sending message 112 to peer 0x5db9b5d3df90 (13 bytes)
1719753617.796409 sending message 112 to peer 0x5db9b5d3df90 (13 bytes)
1719753617.796417 sending message 112 to peer 0x5db9b5d3df90 (12 bytes)
1719753617.796426 sending message 112 to peer 0x5db9b5d3df90 (10 bytes)
1719753617.796434 sending message 112 to peer 0x5db9b5d3df90 (12 bytes)
1719753617.796442 sending message 112 to peer 0x5db9b5d3df90 (12 bytes)
1719753617.796450 sending message 112 to peer 0x5db9b5d3df90 (12 bytes)
1719753617.796459 sending message 112 to peer 0x5db9b5d3df90 (13 bytes)
1719753617.796467 sending message 112 to peer 0x5db9b5d3df90 (13 bytes)
1719753617.796475 sending message 112 to peer 0x5db9b5d3df90 (13 bytes)
1719753617.796483 sending message 112 to peer 0x5db9b5d3df90 (13 bytes)
1719753617.796491 sending message 112 to peer 0x5db9b5d3df90 (13 bytes)
1719753617.796500 sending message 112 to peer 0x5db9b5d3df90 (13 bytes)
1719753617.796508 sending message 112 to peer 0x5db9b5d3df90 (13 bytes)
1719753617.796540 sending message 112 to peer 0x5db9b5d3df90 (10 bytes)
1719753617.796554 sending message 112 to peer 0x5db9b5d3df90 (13 bytes)
1719753617.796563 sending message 112 to peer 0x5db9b5d3df90 (12 bytes)
1719753617.796572 sending message 112 to peer 0x5db9b5d3df90 (12 bytes)
1719753617.796580 sending message 112 to peer 0x5db9b5d3df90 (12 bytes)
1719753617.796589 sending message 112 to peer 0x5db9b5d3df90 (10 bytes)
1719753617.796597 sending message 112 to peer 0x5db9b5d3df90 (10 bytes)
1719753617.796605 sending message 112 to peer 0x5db9b5d3df90 (10 bytes)
1719753617.796613 sending message 112 to peer 0x5db9b5d3df90 (12 bytes)
1719753617.796622 sending message 112 to peer 0x5db9b5d3df90 (13 bytes)
1719753617.796630 sending message 112 to peer 0x5db9b5d3df90 (13 bytes)
1719753617.796638 sending message 112 to peer 0x5db9b5d3df90 (13 bytes)
1719753617.796647 sending message 112 to peer 0x5db9b5d3df90 (13 bytes)
1719753617.796655 sending message 112 to peer 0x5db9b5d3df90 (13 bytes)
1719753617.796663 sending message 112 to peer 0x5db9b5d3df90 (11 bytes)
1719753617.796671 sending message 112 to peer 0x5db9b5d3df90 (11 bytes)
1719753617.796680 sending message 112 to peer 0x5db9b5d3df90 (12 bytes)
1719753617.796688 sending message 112 to peer 0x5db9b5d3df90 (12 bytes)
1719753617.796696 sending message 112 to peer 0x5db9b5d3df90 (12 bytes)
1719753617.796704 sending message 112 to peer 0x5db9b5d3df90 (12 bytes)
1719753617.796712 sending message 112 to peer 0x5db9b5d3df90 (12 bytes)
1719753617.796721 sending message 112 to peer 0x5db9b5d3df90 (11 bytes)
1719753617.796729 sending message 112 to peer 0x5db9b5d3df90 (12 bytes)
1719753617.796737 sending message 112 to peer 0x5db9b5d3df90 (12 bytes)
1719753617.796746 sending message 112 to peer 0x5db9b5d3df90 (13 bytes)
1719753617.796754 sending message 112 to peer 0x5db9b5d3df90 (13 bytes)
1719753617.796762 sending message 112 to peer 0x5db9b5d3df90 (13 bytes)
1719753617.796770 sending message 112 to peer 0x5db9b5d3df90 (13 bytes)
1719753617.796779 sending message 112 to peer 0x5db9b5d3df90 (13 bytes)
1719753617.796787 sending message 112 to peer 0x5db9b5d3df90 (10 bytes)
1719753617.796795 sending message 112 to peer 0x5db9b5d3df90 (9 bytes)
1719753617.796803 sending message 112 to peer 0x5db9b5d3df90 (12 bytes)
1719753617.796812 sending message 112 to peer 0x5db9b5d3df90 (13 bytes)
1719753617.796820 sending message 112 to peer 0x5db9b5d3df90 (13 bytes)
1719753617.796828 sending message 112 to peer 0x5db9b5d3df90 (13 bytes)
1719753617.796836 sending message 112 to peer 0x5db9b5d3df90 (13 bytes)
1719753617.796844 sending message 112 to peer 0x5db9b5d3df90 (13 bytes)
1719753617.796862 sending message 112 to peer 0x5db9b5d3df90 (9 bytes)
1719753617.796871 sending message 112 to peer 0x5db9b5d3df90 (12 bytes)
1719753617.796879 sending message 112 to peer 0x5db9b5d3df90 (13 bytes)
1719753617.796888 sending message 112 to peer 0x5db9b5d3df90 (13 bytes)
1719753617.796896 sending message 112 to peer 0x5db9b5d3df90 (13 bytes)
1719753617.796904 sending message 112 to peer 0x5db9b5d3df90 (13 bytes)
1719753617.796912 sending message 112 to peer 0x5db9b5d3df90 (13 bytes)
1719753617.796921 sending message 112 to peer 0x5db9b5d3df90 (11 bytes)
1719753617.796929 sending message 112 to peer 0x5db9b5d3df90 (12 bytes)
1719753617.796937 sending message 112 to peer 0x5db9b5d3df90 (13 bytes)
1719753617.796946 sending message 112 to peer 0x5db9b5d3df90 (13 bytes)
1719753617.796954 sending message 112 to peer 0x5db9b5d3df90 (13 bytes)
1719753617.796962 sending message 112 to peer 0x5db9b5d3df90 (13 bytes)
1719753617.796970 sending message 112 to peer 0x5db9b5d3df90 (13 bytes)
1719753617.796979 sending message 112 to peer 0x5db9b5d3df90 (11 bytes)
1719753617.796987 sending message 112 to peer 0x5db9b5d3df90 (12 bytes)
1719753617.796996 sending message 112 to peer 0x5db9b5d3df90 (12 bytes)
1719753617.797004 sending message 112 to peer 0x5db9b5d3df90 (12 bytes)
1719753617.797013 sending message 112 to peer 0x5db9b5d3df90 (12 bytes)
1719753617.797021 sending message 112 to peer 0x5db9b5d3df90 (12 bytes)
1719753617.797030 sending message 112 to peer 0x5db9b5d3df90 (21 bytes)
1719753617.797038 sending message 112 to peer 0x5db9b5d3df90 (12 bytes)
1719753617.797046 sending message 112 to peer 0x5db9b5d3df90 (9 bytes)
1719753617.797054 sending message 112 to peer 0x5db9b5d3df90 (6 bytes)
1719753617.797063 sending message 112 to peer 0x5db9b5d3df90 (8 bytes)
1719753617.797072 sending message 112 to peer 0x5db9b5d3df90 (15 bytes)
1719753617.797080 sending message 112 to peer 0x5db9b5d3df90 (13 bytes)
1719753617.797089 sending message 112 to peer 0x5db9b5d3df90 (9 bytes)
1719753617.797097 sending message 112 to peer 0x5db9b5d3df90 (70 bytes)
1719753617.797105 sending message 112 to peer 0x5db9b5d3df90 (69 bytes)
1719753617.797114 sending message 112 to peer 0x5db9b5d3df90 (10 bytes)
1719753617.797122 sending message 112 to peer 0x5db9b5d3df90 (10 bytes)
1719753617.797130 sending message 112 to peer 0x5db9b5d3df90 (8 bytes)
1719753617.797139 sending message 112 to peer 0x5db9b5d3df90 (15 bytes)
1719753617.797148 sending message 112 to peer 0x5db9b5d3df90 (13 bytes)
1719753617.797156 sending message 112 to peer 0x5db9b5d3df90 (10 bytes)
1719753617.797165 sending message 112 to peer 0x5db9b5d3df90 (10 bytes)
1719753617.797173 sending message 112 to peer 0x5db9b5d3df90 (17 bytes)
1719753617.797181 sending message 112 to peer 0x5db9b5d3df90 (10 bytes)
1719753617.797189 sending message 112 to peer 0x5db9b5d3df90 (13 bytes)
1719753617.797198 sending message 112 to peer 0x5db9b5d3df90 (9 bytes)
1719753617.797206 sending message 112 to peer 0x5db9b5d3df90 (5 bytes)
1719753617.797215 sending message 112 to peer 0x5db9b5d3df90 (15 bytes)
1719753617.797225 sending message 104 to peer 0x5db9b5d3df90 (0 bytes)
1719753617.797236 sending message 110 to peer 0x5db9b5d3df90 (0 bytes)
1719753617.797246 sending message 107 to peer 0x5db9b5d3df90 (4 bytes)
1719753617.797255 sending message 105 to peer 0x5db9b5d3df90 (23 bytes)
1719753617.797264 sending message 105 to peer 0x5db9b5d3df90 (54 bytes)
1719753617.797273 sending message 105 to peer 0x5db9b5d3df90 (19 bytes)
1719753617.797281 sending message 105 to peer 0x5db9b5d3df90 (11 bytes)
1719753617.797289 sending message 105 to peer 0x5db9b5d3df90 (75 bytes)
1719753617.797298 sending message 105 to peer 0x5db9b5d3df90 (13 bytes)
1719753617.797306 sending message 105 to peer 0x5db9b5d3df90 (27 bytes)
1719753617.797315 sending message 105 to peer 0x5db9b5d3df90 (40 bytes)
1719753617.797323 sending message 105 to peer 0x5db9b5d3df90 (18 bytes)
1719753617.797332 sending message 105 to peer 0x5db9b5d3df90 (71 bytes)
1719753617.797340 sending message 105 to peer 0x5db9b5d3df90 (45 bytes)
1719753617.797357 sending message 105 to peer 0x5db9b5d3df90 (26 bytes)
1719753617.797366 sending message 105 to peer 0x5db9b5d3df90 (32 bytes)
1719753617.797375 sending message 105 to peer 0x5db9b5d3df90 (216 bytes)
1719753617.797384 sending message 105 to peer 0x5db9b5d3df90 (67 bytes)
1719753617.797392 sending message 105 to peer 0x5db9b5d3df90 (195 bytes)
1719753617.797401 sending message 105 to peer 0x5db9b5d3df90 (68 bytes)
1719753617.797409 sending message 105 to peer 0x5db9b5d3df90 (14 bytes)
1719753617.797417 sending message 105 to peer 0x5db9b5d3df90 (52 bytes)
1719753617.797425 sending message 105 to peer 0x5db9b5d3df90 (17 bytes)
1719753617.797433 sending message 105 to peer 0x5db9b5d3df90 (21 bytes)
1719753617.797442 sending message 105 to peer 0x5db9b5d3df90 (19 bytes)
1719753617.797450 sending message 105 to peer 0x5db9b5d3df90 (28 bytes)
1719753617.797458 sending message 105 to peer 0x5db9b5d3df90 (20 bytes)
1719753617.797467 sending message 105 to peer 0x5db9b5d3df90 (41 bytes)
1719753617.797475 sending message 105 to peer 0x5db9b5d3df90 (17 bytes)
1719753617.797484 sending message 105 to peer 0x5db9b5d3df90 (23 bytes)
1719753617.797493 sending message 105 to peer 0x5db9b5d3df90 (30 bytes)
1719753617.797501 sending message 105 to peer 0x5db9b5d3df90 (27 bytes)
1719753617.797509 sending message 105 to peer 0x5db9b5d3df90 (24 bytes)
1719753617.797518 sending message 105 to peer 0x5db9b5d3df90 (20 bytes)
1719753617.797526 sending message 105 to peer 0x5db9b5d3df90 (23 bytes)
1719753617.797534 sending message 105 to peer 0x5db9b5d3df90 (21 bytes)
1719753617.797542 sending message 105 to peer 0x5db9b5d3df90 (25 bytes)
1719753617.797550 sending message 105 to peer 0x5db9b5d3df90 (20 bytes)
1719753617.797559 sending message 105 to peer 0x5db9b5d3df90 (7 bytes)
1719753617.797567 sending message 105 to peer 0x5db9b5d3df90 (24 bytes)
1719753617.797575 sending message 105 to peer 0x5db9b5d3df90 (24 bytes)
1719753617.797583 sending message 105 to peer 0x5db9b5d3df90 (21 bytes)
1719753617.797591 sending message 105 to peer 0x5db9b5d3df90 (21 bytes)
1719753617.797600 sending message 105 to peer 0x5db9b5d3df90 (24 bytes)
1719753617.797609 sending message 105 to peer 0x5db9b5d3df90 (17 bytes)
1719753617.797617 sending message 105 to peer 0x5db9b5d3df90 (94 bytes)
1719753617.797625 sending message 105 to peer 0x5db9b5d3df90 (32 bytes)
1719753617.797634 sending message 105 to peer 0x5db9b5d3df90 (11 bytes)
1719753617.797642 sending message 105 to peer 0x5db9b5d3df90 (626 bytes)
1719753617.797651 sending message 105 to peer 0x5db9b5d3df90 (29 bytes)
1719753617.797659 sending message 105 to peer 0x5db9b5d3df90 (19 bytes)
1719753617.797667 sending message 105 to peer 0x5db9b5d3df90 (18 bytes)
1719753617.797675 sending message 105 to peer 0x5db9b5d3df90 (19 bytes)
1719753617.797683 sending message 105 to peer 0x5db9b5d3df90 (8 bytes)
1719753617.797692 sending message 105 to peer 0x5db9b5d3df90 (46 bytes)
1719753617.797700 sending message 105 to peer 0x5db9b5d3df90 (22 bytes)
1719753617.797708 sending message 105 to peer 0x5db9b5d3df90 (19 bytes)
1719753617.797717 sending message 105 to peer 0x5db9b5d3df90 (18 bytes)
1719753617.797725 sending message 105 to peer 0x5db9b5d3df90 (26 bytes)
1719753617.797734 sending message 105 to peer 0x5db9b5d3df90 (35 bytes)
1719753617.797742 sending message 105 to peer 0x5db9b5d3df90 (13 bytes)
1719753617.797750 sending message 105 to peer 0x5db9b5d3df90 (14 bytes)
1719753617.797759 sending message 105 to peer 0x5db9b5d3df90 (18 bytes)
1719753617.797767 sending message 105 to peer 0x5db9b5d3df90 (18 bytes)
1719753617.797775 sending message 105 to peer 0x5db9b5d3df90 (13 bytes)
1719753617.797783 sending message 105 to peer 0x5db9b5d3df90 (41 bytes)
1719753617.797792 sending message 105 to peer 0x5db9b5d3df90 (41 bytes)
1719753617.797800 sending message 105 to peer 0x5db9b5d3df90 (23 bytes)
1719753617.797809 sending message 105 to peer 0x5db9b5d3df90 (179 bytes)
1719753617.797817 sending message 105 to peer 0x5db9b5d3df90 (31 bytes)
1719753617.797825 sending message 105 to peer 0x5db9b5d3df90 (15 bytes)
1719753617.797841 sending message 105 to peer 0x5db9b5d3df90 (23 bytes)
1719753617.797850 sending message 105 to peer 0x5db9b5d3df90 (23 bytes)
1719753617.797858 sending message 105 to peer 0x5db9b5d3df90 (17 bytes)
1719753617.797867 sending message 105 to peer 0x5db9b5d3df90 (21 bytes)
1719753617.797900 sending message 105 to peer 0x5db9b5d3df90 (11 bytes)
1719753617.797917 sending message 105 to peer 0x5db9b5d3df90 (20 bytes)
1719753617.797926 sending message 105 to peer 0x5db9b5d3df90 (25 bytes)
1719753617.797934 sending message 105 to peer 0x5db9b5d3df90 (25 bytes)
1719753617.797943 sending message 105 to peer 0x5db9b5d3df90 (25 bytes)
1719753617.797951 sending message 105 to peer 0x5db9b5d3df90 (16 bytes)
1719753617.797960 sending message 105 to peer 0x5db9b5d3df90 (115 bytes)
1719753617.797968 sending message 105 to peer 0x5db9b5d3df90 (70 bytes)
1719753617.797977 sending message 106 to peer 0x5db9b5d3df90 (0 bytes)
1719753617.798006 sending message 200 to peer 0x5db9b5d3df90 (4 bytes)
1719753617.798012 client loop enter
1719753617.798782 peer 0x5db9b5d3df90 message 303
1719753617.798805 open write file 2 -
1719753617.798821 sending message 305 to peer 0x5db9b5d3df90 (8 bytes)
1719753617.798846 write check file 2
1719753617.799090 peer 0x5db9b5d3df90 message 304
1719753617.799106 write 58 to file 2
1719753617.799115 peer 0x5db9b5d3df90 message 203
1719753617.799121 file 2 58 bytes left
1719753617.799145 write check file 2
1719753617.799152 client loop exit
